The system is: Windows - 10.0.19045 - AMD64
Compiling the C compiler identification source file "CMakeCCompilerId.c" succeeded.
Compiler: C:/Program Files (x86)/Microsoft Visual Studio/2019/BuildTools/VC/Tools/MSVC/14.29.30133/bin/Hostx86/x86/cl.exe 
Build flags: 
Id flags:  

The output was:
0
Microsoft (R) C/C++ Optimizing Compiler Versão 19.29.30151 para x86
Copyright (C) Microsoft Corporation. Todos os direitos reservados.

CMakeCCompilerId.c
Microsoft (R) Incremental Linker Version 14.29.30151.0
Copyright (C) Microsoft Corporation.  All rights reserved.

/out:CMakeCCompilerId.exe 
CMakeCCompilerId.obj 


Compilation of the C compiler identification source "CMakeCCompilerId.c" produced "CMakeCCompilerId.exe"

Compilation of the C compiler identification source "CMakeCCompilerId.c" produced "CMakeCCompilerId.obj"

The C compiler identification is MSVC, found in "F:/Ribeiro/ProjetoID/Programacao/FirmwaresAtualizacoes/Projeto_FaceID/FID_Ethernet_40ESOL1/build/elf2uf2/CMakeFiles/3.25.0/CompilerIdC/CMakeCCompilerId.exe"

Compiling the CXX compiler identification source file "CMakeCXXCompilerId.cpp" succeeded.
Compiler: C:/Program Files (x86)/Microsoft Visual Studio/2019/BuildTools/VC/Tools/MSVC/14.29.30133/bin/Hostx86/x86/cl.exe 
Build flags: 
Id flags:  

The output was:
0
Microsoft (R) C/C++ Optimizing Compiler Versão 19.29.30151 para x86
Copyright (C) Microsoft Corporation. Todos os direitos reservados.

CMakeCXXCompilerId.cpp
Microsoft (R) Incremental Linker Version 14.29.30151.0
Copyright (C) Microsoft Corporation.  All rights reserved.

/out:CMakeCXXCompilerId.exe 
CMakeCXXCompilerId.obj 


Compilation of the CXX compiler identification source "CMakeCXXCompilerId.cpp" produced "CMakeCXXCompilerId.exe"

Compilation of the CXX compiler identification source "CMakeCXXCompilerId.cpp" produced "CMakeCXXCompilerId.obj"

The CXX compiler identification is MSVC, found in "F:/Ribeiro/ProjetoID/Programacao/FirmwaresAtualizacoes/Projeto_FaceID/FID_Ethernet_40ESOL1/build/elf2uf2/CMakeFiles/3.25.0/CompilerIdCXX/CMakeCXXCompilerId.exe"

Detecting C compiler ABI info compiled with the following output:
Change Dir: F:/Ribeiro/ProjetoID/Programacao/FirmwaresAtualizacoes/Projeto_FaceID/FID_Ethernet_40ESOL1/build/elf2uf2/CMakeFiles/CMakeScratch/TryCompile-58gr38

Run Build Command(s):nmake -f Makefile /nologo cmTC_3eebc\fast && 	"C:\Program Files (x86)\Microsoft Visual Studio\2019\BuildTools\VC\Tools\MSVC\14.29.30133\bin\HostX86\x86\nmake.exe"  -f CMakeFiles\cmTC_3eebc.dir\build.make /nologo -L                  CMakeFiles\cmTC_3eebc.dir\build
Building C object CMakeFiles/cmTC_3eebc.dir/CMakeCCompilerABI.c.obj
	"C:\Program Files\CMake\bin\cmake.exe" -E cmake_cl_compile_depends --dep-file=CMakeFiles\cmTC_3eebc.dir\CMakeCCompilerABI.c.obj.d --working-dir=F:\Ribeiro\ProjetoID\Programacao\FirmwaresAtualizacoes\Projeto_FaceID\FID_Ethernet_40ESOL1\build\elf2uf2\CMakeFiles\CMakeScratch\TryCompile-58gr38 --filter-prefix="ObservaþÒo: incluindo arquivo: " -- C:\PROGRA~2\MICROS~4\2019\BUILDT~1\VC\Tools\MSVC\1429~1.301\bin\Hostx86\x86\cl.exe @C:\Users\tecnica\AppData\Local\Temp\nm4496.tmp
CMakeCCompilerABI.c
Linking C executable cmTC_3eebc.exe
	"C:\Program Files\CMake\bin\cmake.exe" -E vs_link_exe --intdir=CMakeFiles\cmTC_3eebc.dir --rc=C:\PROGRA~2\WI3CF2~1\10\bin\100190~1.0\x86\rc.exe --mt=C:\PROGRA~2\WI3CF2~1\10\bin\100190~1.0\x86\mt.exe --manifests -- C:\PROGRA~2\MICROS~4\2019\BUILDT~1\VC\Tools\MSVC\1429~1.301\bin\Hostx86\x86\link.exe /nologo @CMakeFiles\cmTC_3eebc.dir\objects1 @C:\Users\tecnica\AppData\Local\Temp\nm4756.tmp



Detecting CXX compiler ABI info compiled with the following output:
Change Dir: F:/Ribeiro/ProjetoID/Programacao/FirmwaresAtualizacoes/Projeto_FaceID/FID_Ethernet_40ESOL1/build/elf2uf2/CMakeFiles/CMakeScratch/TryCompile-wicnfy

Run Build Command(s):nmake -f Makefile /nologo cmTC_72990\fast && 	"C:\Program Files (x86)\Microsoft Visual Studio\2019\BuildTools\VC\Tools\MSVC\14.29.30133\bin\HostX86\x86\nmake.exe"  -f CMakeFiles\cmTC_72990.dir\build.make /nologo -L                  CMakeFiles\cmTC_72990.dir\build
Building CXX object CMakeFiles/cmTC_72990.dir/CMakeCXXCompilerABI.cpp.obj
	"C:\Program Files\CMake\bin\cmake.exe" -E cmake_cl_compile_depends --dep-file=CMakeFiles\cmTC_72990.dir\CMakeCXXCompilerABI.cpp.obj.d --working-dir=F:\Ribeiro\ProjetoID\Programacao\FirmwaresAtualizacoes\Projeto_FaceID\FID_Ethernet_40ESOL1\build\elf2uf2\CMakeFiles\CMakeScratch\TryCompile-wicnfy --filter-prefix="ObservaþÒo: incluindo arquivo: " -- C:\PROGRA~2\MICROS~4\2019\BUILDT~1\VC\Tools\MSVC\1429~1.301\bin\Hostx86\x86\cl.exe @C:\Users\tecnica\AppData\Local\Temp\nm4BE9.tmp
CMakeCXXCompilerABI.cpp
Linking CXX executable cmTC_72990.exe
	"C:\Program Files\CMake\bin\cmake.exe" -E vs_link_exe --intdir=CMakeFiles\cmTC_72990.dir --rc=C:\PROGRA~2\WI3CF2~1\10\bin\100190~1.0\x86\rc.exe --mt=C:\PROGRA~2\WI3CF2~1\10\bin\100190~1.0\x86\mt.exe --manifests -- C:\PROGRA~2\MICROS~4\2019\BUILDT~1\VC\Tools\MSVC\1429~1.301\bin\Hostx86\x86\link.exe /nologo @CMakeFiles\cmTC_72990.dir\objects1 @C:\Users\tecnica\AppData\Local\Temp\nm5020.tmp



