The system is: Windows - 10.0.19045 - AMD64
Compiling the C compiler identification source file "CMakeCCompilerId.c" succeeded.
Compiler: C:/Program Files/Microsoft Visual Studio/2022/Community/VC/Tools/MSVC/14.36.32532/bin/Hostx86/x86/cl.exe 
Build flags: 
Id flags:  

The output was:
0
Microsoft (R) C/C++ Optimizing Compiler Versão 19.36.32537 para x86
Copyright (C) Microsoft Corporation. Todos os direitos reservados.

CMakeCCompilerId.c
Microsoft (R) Incremental Linker Version 14.36.32537.0
Copyright (C) Microsoft Corporation.  All rights reserved.

/out:CMakeCCompilerId.exe 
CMakeCCompilerId.obj 


Compilation of the C compiler identification source "CMakeCCompilerId.c" produced "CMakeCCompilerId.exe"

Compilation of the C compiler identification source "CMakeCCompilerId.c" produced "CMakeCCompilerId.obj"

The C compiler identification is MSVC, found in "C:/Users/TECNICA/Raspberry Pico/Pico/_projetos/Pico_ETH_CH9121_CODE/C/RX_TX/build/elf2uf2/CMakeFiles/3.20.5/CompilerIdC/CMakeCCompilerId.exe"

Compiling the CXX compiler identification source file "CMakeCXXCompilerId.cpp" succeeded.
Compiler: C:/Program Files/Microsoft Visual Studio/2022/Community/VC/Tools/MSVC/14.36.32532/bin/Hostx86/x86/cl.exe 
Build flags: 
Id flags:  

The output was:
0
Microsoft (R) C/C++ Optimizing Compiler Versão 19.36.32537 para x86
Copyright (C) Microsoft Corporation. Todos os direitos reservados.

CMakeCXXCompilerId.cpp
Microsoft (R) Incremental Linker Version 14.36.32537.0
Copyright (C) Microsoft Corporation.  All rights reserved.

/out:CMakeCXXCompilerId.exe 
CMakeCXXCompilerId.obj 


Compilation of the CXX compiler identification source "CMakeCXXCompilerId.cpp" produced "CMakeCXXCompilerId.exe"

Compilation of the CXX compiler identification source "CMakeCXXCompilerId.cpp" produced "CMakeCXXCompilerId.obj"

The CXX compiler identification is MSVC, found in "C:/Users/TECNICA/Raspberry Pico/Pico/_projetos/Pico_ETH_CH9121_CODE/C/RX_TX/build/elf2uf2/CMakeFiles/3.20.5/CompilerIdCXX/CMakeCXXCompilerId.exe"

Detecting C compiler ABI info compiled with the following output:
Change Dir: C:/Users/TECNICA/Raspberry Pico/Pico/_projetos/Pico_ETH_CH9121_CODE/C/RX_TX/build/elf2uf2/CMakeFiles/CMakeTmp

Run Build Command(s):C:/PROGRA~1/MICROS~2/2022/COMMUN~1/Common7/IDE/COMMON~1/MICROS~1/CMake/Ninja/ninja.exe cmTC_82d3c && [1/2  50% :: 0.232] Building C object CMakeFiles\cmTC_82d3c.dir\CMakeCCompilerABI.c.obj
Observação: incluindo arquivo: C:\Program Files\CMake\share\cmake-3.20\Modules\CMakeCompilerABI.h
[2/2 100% :: 2.756] Linking C executable cmTC_82d3c.exe



Detecting CXX compiler ABI info compiled with the following output:
Change Dir: C:/Users/TECNICA/Raspberry Pico/Pico/_projetos/Pico_ETH_CH9121_CODE/C/RX_TX/build/elf2uf2/CMakeFiles/CMakeTmp

Run Build Command(s):C:/PROGRA~1/MICROS~2/2022/COMMUN~1/Common7/IDE/COMMON~1/MICROS~1/CMake/Ninja/ninja.exe cmTC_2cabe && [1/2  50% :: 0.379] Building CXX object CMakeFiles\cmTC_2cabe.dir\CMakeCXXCompilerABI.cpp.obj
Observação: incluindo arquivo: C:\Program Files\CMake\share\cmake-3.20\Modules\CMakeCompilerABI.h
[2/2 100% :: 6.964] Linking CXX executable cmTC_2cabe.exe



