The target system is: PICO -  - cortex-m0plus
The host system is: Windows - 10.0.19045 - AMD64
Compiling the C compiler identification source file "CMakeCCompilerId.c" succeeded.
Compiler: C:/Program Files (x86)/GNU Arm Embedded Toolchain/10 2021.10/bin/arm-none-eabi-gcc.exe 
Build flags: ;-mcpu=cortex-m0plus;-mthumb
Id flags: -c 

The output was:
0


Compilation of the C compiler identification source "CMakeCCompilerId.c" produced "CMakeCCompilerId.o"

The C compiler identification is GNU, found in "C:/Users/User/Documents/Pico/_projetos/Projeto_FaceID/FID_Ethernet_26EQR/build/CMakeFiles/3.25.0/CompilerIdC/CMakeCCompilerId.o"

Compiling the CXX compiler identification source file "CMakeCXXCompilerId.cpp" succeeded.
Compiler: C:/Program Files (x86)/GNU Arm Embedded Toolchain/10 2021.10/bin/arm-none-eabi-g++.exe 
Build flags: ;-mcpu=cortex-m0plus;-mthumb
Id flags: -c 

The output was:
0


Compilation of the CXX compiler identification source "CMakeCXXCompilerId.cpp" produced "CMakeCXXCompilerId.o"

The CXX compiler identification is GNU, found in "C:/Users/User/Documents/Pico/_projetos/Projeto_FaceID/FID_Ethernet_26EQR/build/CMakeFiles/3.25.0/CompilerIdCXX/CMakeCXXCompilerId.o"

Checking whether the ASM compiler is GNU using "--version" matched "(GNU assembler)|(GCC)|(Free Software Foundation)":
arm-none-eabi-gcc.exe (GNU Arm Embedded Toolchain 10.3-2021.10) 10.3.1 20210824 (release)
Copyright (C) 2020 Free Software Foundation, Inc.
This is free software; see the source for copying conditions.  There is NO
warranty; not even for MERCHANTABILITY or FITNESS FOR A PARTICULAR PURPOSE.

The target system is: PICO -  - cortex-m0plus
The host system is: Windows - 10.0.19045 - AMD64
Compiling the C compiler identification source file "CMakeCCompilerId.c" succeeded.
Compiler: C:/Program Files (x86)/GNU Arm Embedded Toolchain/10 2021.10/bin/arm-none-eabi-gcc.exe 
Build flags: ;-mcpu=cortex-m0plus;-mthumb
Id flags:  

The output was:
0
Microsoft(R) Build Engine versão 16.11.2+f32259642 para .NET Framework 
Copyright (C) Microsoft Corporation. Todos os direitos reservados.

Compilação de 27/08/2024 16:28:37 iniciada.
Projeto "D:\Projetos\Pico\_projetos\Projeto_FaceID\FID_Ethernet_26EQR\build\CMakeFiles\3.25.0\CompilerIdC\CompilerIdC.vcxproj" no nó 1 (destinos padrão).
PrepareForBuild:
  Criando o diretório "Debug\".
  Criando o diretório "Debug\CompilerIdC.tlog\".
InitializeBuildStatus:
  Criando "Debug\CompilerIdC.tlog\unsuccessfulbuild" porque "AlwaysCreate" foi especificado.
ClCompile:
  C:\Program Files (x86)\Microsoft Visual Studio\2019\BuildTools\VC\Tools\MSVC\14.29.30133\bin\HostX86\x64\CL.exe /c /nologo /W0 /WX- /diagnostics:column /Od /D _MBCS /Gm- /EHsc /RTC1 /MDd /GS /fp:precise /Zc:wchar_t /Zc:forScope /Zc:inline /Fo"Debug\\" /Fd"Debug\vc142.pdb" /external:W0 /Gd /TC /FC /errorReport:queue CMakeCCompilerId.c
  CMakeCCompilerId.c
Link:
  C:\Program Files (x86)\Microsoft Visual Studio\2019\BuildTools\VC\Tools\MSVC\14.29.30133\bin\HostX86\x64\link.exe /ERRORREPORT:QUEUE /OUT:".\CompilerIdC.exe" /INCREMENTAL:NO /NOLOGO kernel32.lib user32.lib gdi32.lib winspool.lib comdlg32.lib advapi32.lib shell32.lib ole32.lib oleaut32.lib uuid.lib odbc32.lib odbccp32.lib /MANIFEST /MANIFESTUAC:"level='asInvoker' uiAccess='false'" /manifest:embed /PDB:".\CompilerIdC.pdb" /SUBSYSTEM:CONSOLE /TLBID:1 /DYNAMICBASE /NXCOMPAT /IMPLIB:".\CompilerIdC.lib" /MACHINE:X64 Debug\CMakeCCompilerId.obj
  CompilerIdC.vcxproj -> D:\Projetos\Pico\_projetos\Projeto_FaceID\FID_Ethernet_26EQR\build\CMakeFiles\3.25.0\CompilerIdC\CompilerIdC.exe
PostBuildEvent:
  for %%i in (cl.exe) do @echo CMAKE_C_COMPILER=%%~$PATH:i
  :VCEnd
  CMAKE_C_COMPILER=C:\Program Files (x86)\Microsoft Visual Studio\2019\BuildTools\VC\Tools\MSVC\14.29.30133\bin\Hostx86\x64\cl.exe
FinalizeBuildStatus:
  Excluindo o arquivo "Debug\CompilerIdC.tlog\unsuccessfulbuild".
  Tocando "Debug\CompilerIdC.tlog\CompilerIdC.lastbuildstate".
Projeto de compilação pronto "D:\Projetos\Pico\_projetos\Projeto_FaceID\FID_Ethernet_26EQR\build\CMakeFiles\3.25.0\CompilerIdC\CompilerIdC.vcxproj" (destinos padrão).

Compilação com êxito.
    0 Aviso(s)
    0 Erro(s)

Tempo Decorrido 00:00:01.33


Compilation of the C compiler identification source "CMakeCCompilerId.c" produced "CompilerIdC.exe"

Compilation of the C compiler identification source "CMakeCCompilerId.c" produced "CompilerIdC.vcxproj"

The C compiler identification is MSVC, found in "D:/Projetos/Pico/_projetos/Projeto_FaceID/FID_Ethernet_26EQR/build/CMakeFiles/3.25.0/CompilerIdC/CompilerIdC.exe"

Compiling the CXX compiler identification source file "CMakeCXXCompilerId.cpp" succeeded.
Compiler: C:/Program Files (x86)/GNU Arm Embedded Toolchain/10 2021.10/bin/arm-none-eabi-g++.exe 
Build flags: ;-mcpu=cortex-m0plus;-mthumb
Id flags:  

The output was:
0
Microsoft(R) Build Engine versão 16.11.2+f32259642 para .NET Framework 
Copyright (C) Microsoft Corporation. Todos os direitos reservados.

Compilação de 27/08/2024 16:28:39 iniciada.
Projeto "D:\Projetos\Pico\_projetos\Projeto_FaceID\FID_Ethernet_26EQR\build\CMakeFiles\3.25.0\CompilerIdCXX\CompilerIdCXX.vcxproj" no nó 1 (destinos padrão).
PrepareForBuild:
  Criando o diretório "Debug\".
  Criando o diretório "Debug\CompilerIdCXX.tlog\".
InitializeBuildStatus:
  Criando "Debug\CompilerIdCXX.tlog\unsuccessfulbuild" porque "AlwaysCreate" foi especificado.
ClCompile:
  C:\Program Files (x86)\Microsoft Visual Studio\2019\BuildTools\VC\Tools\MSVC\14.29.30133\bin\HostX86\x64\CL.exe /c /nologo /W0 /WX- /diagnostics:column /Od /D _MBCS /Gm- /EHsc /RTC1 /MDd /GS /fp:precise /Zc:wchar_t /Zc:forScope /Zc:inline /Fo"Debug\\" /Fd"Debug\vc142.pdb" /external:W0 /Gd /TP /FC /errorReport:queue CMakeCXXCompilerId.cpp
  CMakeCXXCompilerId.cpp
Link:
  C:\Program Files (x86)\Microsoft Visual Studio\2019\BuildTools\VC\Tools\MSVC\14.29.30133\bin\HostX86\x64\link.exe /ERRORREPORT:QUEUE /OUT:".\CompilerIdCXX.exe" /INCREMENTAL:NO /NOLOGO kernel32.lib user32.lib gdi32.lib winspool.lib comdlg32.lib advapi32.lib shell32.lib ole32.lib oleaut32.lib uuid.lib odbc32.lib odbccp32.lib /MANIFEST /MANIFESTUAC:"level='asInvoker' uiAccess='false'" /manifest:embed /PDB:".\CompilerIdCXX.pdb" /SUBSYSTEM:CONSOLE /TLBID:1 /DYNAMICBASE /NXCOMPAT /IMPLIB:".\CompilerIdCXX.lib" /MACHINE:X64 Debug\CMakeCXXCompilerId.obj
  CompilerIdCXX.vcxproj -> D:\Projetos\Pico\_projetos\Projeto_FaceID\FID_Ethernet_26EQR\build\CMakeFiles\3.25.0\CompilerIdCXX\CompilerIdCXX.exe
PostBuildEvent:
  for %%i in (cl.exe) do @echo CMAKE_CXX_COMPILER=%%~$PATH:i
  :VCEnd
  CMAKE_CXX_COMPILER=C:\Program Files (x86)\Microsoft Visual Studio\2019\BuildTools\VC\Tools\MSVC\14.29.30133\bin\Hostx86\x64\cl.exe
FinalizeBuildStatus:
  Excluindo o arquivo "Debug\CompilerIdCXX.tlog\unsuccessfulbuild".
  Tocando "Debug\CompilerIdCXX.tlog\CompilerIdCXX.lastbuildstate".
Projeto de compilação pronto "D:\Projetos\Pico\_projetos\Projeto_FaceID\FID_Ethernet_26EQR\build\CMakeFiles\3.25.0\CompilerIdCXX\CompilerIdCXX.vcxproj" (destinos padrão).

Compilação com êxito.
    0 Aviso(s)
    0 Erro(s)

Tempo Decorrido 00:00:00.94


Compilation of the CXX compiler identification source "CMakeCXXCompilerId.cpp" produced "CompilerIdCXX.exe"

Compilation of the CXX compiler identification source "CMakeCXXCompilerId.cpp" produced "CompilerIdCXX.vcxproj"

The CXX compiler identification is MSVC, found in "D:/Projetos/Pico/_projetos/Projeto_FaceID/FID_Ethernet_26EQR/build/CMakeFiles/3.25.0/CompilerIdCXX/CompilerIdCXX.exe"

Checking whether the ASM compiler is GNU using "--version" matched "(GNU assembler)|(GCC)|(Free Software Foundation)":
arm-none-eabi-gcc.exe (GNU Arm Embedded Toolchain 10.3-2021.10) 10.3.1 20210824 (release)
Copyright (C) 2020 Free Software Foundation, Inc.
This is free software; see the source for copying conditions.  There is NO
warranty; not even for MERCHANTABILITY or FITNESS FOR A PARTICULAR PURPOSE.

