The system is: Windows - 10.0.19045 - AMD64
Compiling the C compiler identification source file "CMakeCCompilerId.c" succeeded.
Compiler: C:/Program Files (x86)/Microsoft Visual Studio/2019/BuildTools/VC/Tools/MSVC/14.29.30133/bin/Hostx86/x86/cl.exe 
Build flags: 
Id flags:  

The output was:
0
Microsoft (R) C/C++ Optimizing Compiler Versão 19.29.30152 para x86
Copyright (C) Microsoft Corporation. Todos os direitos reservados.

CMakeCCompilerId.c
Microsoft (R) Incremental Linker Version 14.29.30152.0
Copyright (C) Microsoft Corporation.  All rights reserved.

/out:CMakeCCompilerId.exe 
CMakeCCompilerId.obj 


Compilation of the C compiler identification source "CMakeCCompilerId.c" produced "CMakeCCompilerId.exe"

Compilation of the C compiler identification source "CMakeCCompilerId.c" produced "CMakeCCompilerId.obj"

The C compiler identification is MSVC, found in "C:/Users/User/Documents/Pico/_projetos/Projeto_FaceID/FID_Ethernet_15E/build/elf2uf2/CMakeFiles/3.25.0/CompilerIdC/CMakeCCompilerId.exe"

Compiling the CXX compiler identification source file "CMakeCXXCompilerId.cpp" succeeded.
Compiler: C:/Program Files (x86)/Microsoft Visual Studio/2019/BuildTools/VC/Tools/MSVC/14.29.30133/bin/Hostx86/x86/cl.exe 
Build flags: 
Id flags:  

The output was:
0
Microsoft (R) C/C++ Optimizing Compiler Versão 19.29.30152 para x86
Copyright (C) Microsoft Corporation. Todos os direitos reservados.

CMakeCXXCompilerId.cpp
Microsoft (R) Incremental Linker Version 14.29.30152.0
Copyright (C) Microsoft Corporation.  All rights reserved.

/out:CMakeCXXCompilerId.exe 
CMakeCXXCompilerId.obj 


Compilation of the CXX compiler identification source "CMakeCXXCompilerId.cpp" produced "CMakeCXXCompilerId.exe"

Compilation of the CXX compiler identification source "CMakeCXXCompilerId.cpp" produced "CMakeCXXCompilerId.obj"

The CXX compiler identification is MSVC, found in "C:/Users/User/Documents/Pico/_projetos/Projeto_FaceID/FID_Ethernet_15E/build/elf2uf2/CMakeFiles/3.25.0/CompilerIdCXX/CMakeCXXCompilerId.exe"

Detecting C compiler ABI info compiled with the following output:
Change Dir: C:/Users/User/Documents/Pico/_projetos/Projeto_FaceID/FID_Ethernet_15E/build/elf2uf2/CMakeFiles/CMakeScratch/TryCompile-ae0sg9

Run Build Command(s):C:/PROGRA~2/MICROS~4/2019/BUILDT~1/Common7/IDE/COMMON~1/MICROS~1/CMake/Ninja/ninja.exe cmTC_f0153 && [1/2  50% :: 0.070] Building C object CMakeFiles\cmTC_f0153.dir\CMakeCCompilerABI.c.obj
[2/2 100% :: 0.555] Linking C executable cmTC_f0153.exe



Detecting CXX compiler ABI info compiled with the following output:
Change Dir: C:/Users/User/Documents/Pico/_projetos/Projeto_FaceID/FID_Ethernet_15E/build/elf2uf2/CMakeFiles/CMakeScratch/TryCompile-7wwp72

Run Build Command(s):C:/PROGRA~2/MICROS~4/2019/BUILDT~1/Common7/IDE/COMMON~1/MICROS~1/CMake/Ninja/ninja.exe cmTC_25434 && [1/2  50% :: 0.222] Building CXX object CMakeFiles\cmTC_25434.dir\CMakeCXXCompilerABI.cpp.obj
[2/2 100% :: 2.425] Linking CXX executable cmTC_25434.exe



