The system is: Windows - 10.0.19044 - AMD64
Compiling the CXX compiler identification source file "CMakeCXXCompilerId.cpp" succeeded.
Compiler: C:/Program Files/Microsoft Visual Studio/2022/Community/VC/Tools/MSVC/14.32.31326/bin/Hostx86/x86/cl.exe 
Build flags: 
Id flags:  

The output was:
0
Microsoft (R) C/C++ Optimizing Compiler Versão 19.32.31332 para x86
Copyright (C) Microsoft Corporation. Todos os direitos reservados.

CMakeCXXCompilerId.cpp
Microsoft (R) Incremental Linker Version 14.32.31332.0
Copyright (C) Microsoft Corporation.  All rights reserved.

/out:CMakeCXXCompilerId.exe 
CMakeCXXCompilerId.obj 


Compilation of the CXX compiler identification source "CMakeCXXCompilerId.cpp" produced "CMakeCXXCompilerId.exe"

Compilation of the CXX compiler identification source "CMakeCXXCompilerId.cpp" produced "CMakeCXXCompilerId.obj"

The CXX compiler identification is MSVC, found in "C:/Users/TECNICA/Raspberry Pico/Pico/_projetos/Projeto_FaceID/PC_FaceID_SSLon_2SOL/build/pioasm/CMakeFiles/3.20.5/CompilerIdCXX/CMakeCXXCompilerId.exe"

Detecting CXX compiler ABI info compiled with the following output:
Change Dir: C:/Users/TECNICA/Raspberry Pico/Pico/_projetos/Projeto_FaceID/PC_FaceID_SSLon_2SOL/build/pioasm/CMakeFiles/CMakeTmp

Run Build Command(s):C:/PROGRA~1/MICROS~2/2022/COMMUN~1/Common7/IDE/COMMON~1/MICROS~1/CMake/Ninja/ninja.exe cmTC_d8b07 && [1/2  50% :: 0.399] Building CXX object CMakeFiles\cmTC_d8b07.dir\CMakeCXXCompilerABI.cpp.obj
Observação: incluindo arquivo: C:\Program Files\CMake\share\cmake-3.20\Modules\CMakeCompilerABI.h
[2/2 100% :: 1.053] Linking CXX executable cmTC_d8b07.exe



